<?xml version="1.0" encoding="UTF-8"?>
<testsuite name="DojoTest" tests="3" skipped="0" failures="0" errors="0" timestamp="2018-04-20T20:11:38" hostname="ARCG00013963" time="0.012">
  <properties/>
  <testcase name="cuando_modificaEnvioDesdeReview_EligeEnvioASucursal_nextStepIs_SucursalDeCorreo" classname="DojoTest" time="0.009"/>
  <testcase name="cuando_modificaEnvioDesdeReview_EligeEnvioADomicilio_nextStepIs_Review" classname="DojoTest" time="0.002"/>
  <testcase name="cuando_EligeEnvioADomicilio_nextStepIs_SeleccionDeMedioDePago" classname="DojoTest" time="0.0"/>
  <system-out><![CDATA[]]></system-out>
  <system-err><![CDATA[]]></system-err>
</testsuite>
